# JRE version: Java(TM) SE Runtime Environment (8.0_144-b01) (build 1.8.0_144-b01)
# Java VM: Java HotSpot(TM) 64-Bit Server VM (25.144-b01 mixed mode windows-amd64 compressed oops)
Heap:
 PSYoungGen      total 439296K, used 374059K [0x00000000d5580000, 0x00000000f3600000, 0x0000000100000000)
  eden space 400384K, 83% used [0x00000000d5580000,0x00000000e9cdae90,0x00000000edc80000)
  from space 38912K, 99% used [0x00000000f1000000,0x00000000f35efeb0,0x00000000f3600000)
  to   space 45056K, 0% used [0x00000000ede00000,0x00000000ede00000,0x00000000f0a00000)
 ParOldGen       total 277504K, used 67014K [0x0000000080000000, 0x0000000090f00000, 0x00000000d5580000)
  object space 277504K, 24% used [0x0000000080000000,0x00000000841719e8,0x0000000090f00000)
 Metaspace       used 108049K, capacity 114148K, committed 114216K, reserved 1148928K
  class space    used 14356K, capacity 15603K, committed 15656K, reserved 1048576K
GC Heap History (10 events):
Event: 162.615 GC heap before
{Heap before GC invocations=16 (full 3):
 PSYoungGen      total 307712K, used 39863K [0x00000000d5580000, 0x00000000ea400000, 0x0000000100000000)
  eden space 273920K, 7% used [0x00000000d5580000,0x00000000d6917480,0x00000000e6100000)
  from space 33792K, 58% used [0x00000000e8200000,0x00000000e9556898,0x00000000ea300000)
  to   space 33792K, 0% used [0x00000000e6100000,0x00000000e6100000,0x00000000e8200000)
 ParOldGen       total 196096K, used 69446K [0x0000000080000000, 0x000000008bf80000, 0x00000000d5580000)
  object space 196096K, 35% used [0x0000000080000000,0x00000000843d1920,0x000000008bf80000)
 Metaspace       used 94401K, capacity 98588K, committed 98600K, reserved 1134592K
  class space    used 12707K, capacity 13608K, committed 13608K, reserved 1048576K
Event: 162.626 GC heap after
Heap after GC invocations=16 (full 3):
 PSYoungGen      total 307712K, used 16206K [0x00000000d5580000, 0x00000000ee580000, 0x0000000100000000)
  eden space 273920K, 0% used [0x00000000d5580000,0x00000000d5580000,0x00000000e6100000)
  from space 33792K, 47% used [0x00000000e6100000,0x00000000e70d3b08,0x00000000e8200000)
  to   space 32256K, 0% used [0x00000000ec600000,0x00000000ec600000,0x00000000ee580000)
 ParOldGen       total 196096K, used 69454K [0x0000000080000000, 0x000000008bf80000, 0x00000000d5580000)
  object space 196096K, 35% used [0x0000000080000000,0x00000000843d3920,0x000000008bf80000)
 Metaspace       used 94401K, capacity 98588K, committed 98600K, reserved 1134592K
  class space    used 12707K, capacity 13608K, committed 13608K, reserved 1048576K
}
Event: 162.626 GC heap before
{Heap before GC invocations=17 (full 4):
 PSYoungGen      total 307712K, used 16206K [0x00000000d5580000, 0x00000000ee580000, 0x0000000100000000)
  eden space 273920K, 0% used [0x00000000d5580000,0x00000000d5580000,0x00000000e6100000)
  from space 33792K, 47% used [0x00000000e6100000,0x00000000e70d3b08,0x00000000e8200000)
  to   space 32256K, 0% used [0x00000000ec600000,0x00000000ec600000,0x00000000ee580000)
 ParOldGen       total 196096K, used 69454K [0x0000000080000000, 0x000000008bf80000, 0x00000000d5580000)
  object space 196096K, 35% used [0x0000000080000000,0x00000000843d3920,0x000000008bf80000)
 Metaspace       used 94401K, capacity 98588K, committed 98600K, reserved 1134592K
  class space    used 12707K, capacity 13608K, committed 13608K, reserved 1048576K
Event: 162.881 GC heap after
Heap after GC invocations=17 (full 4):
 PSYoungGen      total 307712K, used 0K [0x00000000d5580000, 0x00000000ee580000, 0x0000000100000000)
  eden space 273920K, 0% used [0x00000000d5580000,0x00000000d5580000,0x00000000e6100000)
  from space 33792K, 0% used [0x00000000e6100000,0x00000000e6100000,0x00000000e8200000)
  to   space 32256K, 0% used [0x00000000ec600000,0x00000000ec600000,0x00000000ee580000)
 ParOldGen       total 277504K, used 62680K [0x0000000080000000, 0x0000000090f00000, 0x00000000d5580000)
  object space 277504K, 22% used [0x0000000080000000,0x0000000083d36378,0x0000000090f00000)
 Metaspace       used 94265K, capacity 98182K, committed 98600K, reserved 1134592K
  class space    used 12661K, capacity 13531K, committed 13608K, reserved 1048576K
}
Event: 443.395 GC heap before
{Heap before GC invocations=18 (full 4):
 PSYoungGen      total 307712K, used 273920K [0x00000000d5580000, 0x00000000ee580000, 0x0000000100000000)
  eden space 273920K, 100% used [0x00000000d5580000,0x00000000e6100000,0x00000000e6100000)
  from space 33792K, 0% used [0x00000000e6100000,0x00000000e6100000,0x00000000e8200000)
  to   space 32256K, 0% used [0x00000000ec600000,0x00000000ec600000,0x00000000ee580000)
 ParOldGen       total 277504K, used 62680K [0x0000000080000000, 0x0000000090f00000, 0x00000000d5580000)
  object space 277504K, 22% used [0x0000000080000000,0x0000000083d36378,0x0000000090f00000)
 Metaspace       used 102223K, capacity 106996K, committed 107176K, reserved 1142784K
  class space    used 13765K, capacity 14750K, committed 14760K, reserved 1048576K
Event: 443.459 GC heap after
Heap after GC invocations=18 (full 4):
 PSYoungGen      total 371712K, used 32250K [0x00000000d5580000, 0x00000000ef000000, 0x0000000100000000)
  eden space 339456K, 0% used [0x00000000d5580000,0x00000000d5580000,0x00000000ea100000)
  from space 32256K, 99% used [0x00000000ec600000,0x00000000ee57eaa8,0x00000000ee580000)
  to   space 37888K, 0% used [0x00000000ea100000,0x00000000ea100000,0x00000000ec600000)
 ParOldGen       total 277504K, used 66998K [0x0000000080000000, 0x0000000090f00000, 0x00000000d5580000)
  object space 277504K, 24% used [0x0000000080000000,0x000000008416d9e8,0x0000000090f00000)
 Metaspace       used 102223K, capacity 106996K, committed 107176K, reserved 1142784K
  class space    used 13765K, capacity 14750K, committed 14760K, reserved 1048576K
}
Event: 1566.865 GC heap before
{Heap before GC invocations=19 (full 4):
 PSYoungGen      total 371712K, used 371706K [0x00000000d5580000, 0x00000000ef000000, 0x0000000100000000)
  eden space 339456K, 100% used [0x00000000d5580000,0x00000000ea100000,0x00000000ea100000)
  from space 32256K, 99% used [0x00000000ec600000,0x00000000ee57eaa8,0x00000000ee580000)
  to   space 37888K, 0% used [0x00000000ea100000,0x00000000ea100000,0x00000000ec600000)
 ParOldGen       total 277504K, used 66998K [0x0000000080000000, 0x0000000090f00000, 0x00000000d5580000)
  object space 277504K, 24% used [0x0000000080000000,0x000000008416d9e8,0x0000000090f00000)
 Metaspace       used 105851K, capacity 111346K, committed 111656K, reserved 1144832K
  class space    used 14176K, capacity 15291K, committed 15400K, reserved 1048576K
Event: 1566.923 GC heap after
Heap after GC invocations=19 (full 4):
 PSYoungGen      total 377344K, used 28447K [0x00000000d5580000, 0x00000000f3700000, 0x0000000100000000)
  eden space 339456K, 0% used [0x00000000d5580000,0x00000000d5580000,0x00000000ea100000)
  from space 37888K, 75% used [0x00000000ea100000,0x00000000ebcc7d30,0x00000000ec600000)
  to   space 39936K, 0% used [0x00000000f1000000,0x00000000f1000000,0x00000000f3700000)
 ParOldGen       total 277504K, used 67006K [0x0000000080000000, 0x0000000090f00000, 0x00000000d5580000)
  object space 277504K, 24% used [0x0000000080000000,0x000000008416f9e8,0x0000000090f00000)
 Metaspace       used 105851K, capacity 111346K, committed 111656K, reserved 1144832K
  class space    used 14176K, capacity 15291K, committed 15400K, reserved 1048576K
}
Event: 3398.894 GC heap before
{Heap before GC invocations=20 (full 4):
 PSYoungGen      total 377344K, used 367903K [0x00000000d5580000, 0x00000000f3700000, 0x0000000100000000)
  eden space 339456K, 100% used [0x00000000d5580000,0x00000000ea100000,0x00000000ea100000)
  from space 37888K, 75% used [0x00000000ea100000,0x00000000ebcc7d30,0x00000000ec600000)
  to   space 39936K, 0% used [0x00000000f1000000,0x00000000f1000000,0x00000000f3700000)
 ParOldGen       total 277504K, used 67006K [0x0000000080000000, 0x0000000090f00000, 0x00000000d5580000)
  object space 277504K, 24% used [0x0000000080000000,0x000000008416f9e8,0x0000000090f00000)
 Metaspace       used 106950K, capacity 112732K, committed 113064K, reserved 1146880K
  class space    used 14250K, capacity 15415K, committed 15528K, reserved 1048576K
Event: 3398.959 GC heap after
Heap after GC invocations=20 (full 4):
 PSYoungGen      total 439296K, used 38847K [0x00000000d5580000, 0x00000000f3600000, 0x0000000100000000)
  eden space 400384K, 0% used [0x00000000d5580000,0x00000000d5580000,0x00000000edc80000)
  from space 38912K, 99% used [0x00000000f1000000,0x00000000f35efeb0,0x00000000f3600000)
  to   space 45056K, 0% used [0x00000000ede00000,0x00000000ede00000,0x00000000f0a00000)
 ParOldGen       total 277504K, used 67014K [0x0000000080000000, 0x0000000090f00000, 0x00000000d5580000)
  object space 277504K, 24% used [0x0000000080000000,0x00000000841719e8,0x0000000090f00000)
 Metaspace       used 106950K, capacity 112732K, committed 113064K, reserved 1146880K
  class space    used 14250K, capacity 15415K, committed 15528K, reserved 1048576K
}

